<?xml version="1.0" encoding="UTF-8"?>
<testng-results ignored="0" total="1" passed="1" failed="0" skipped="0">
  <reporter-output>
  </reporter-output>
  <suite started-at="2024-08-29T17:24:38 IST" name="Default suite" finished-at="2024-08-29T17:25:08 IST" duration-ms="30332">
    <groups>
    </groups>
    <test started-at="2024-08-29T17:24:38 IST" name="Default test" finished-at="2024-08-29T17:25:08 IST" duration-ms="30332">
      <class name="Amazon_DropDown_CheckBox">
        <test-method signature="m1()[pri:0, instance:Amazon_DropDown_CheckBox@5b03b9fe]" started-at="2024-08-29T17:24:38 IST" name="m1" finished-at="2024-08-29T17:25:08 IST" duration-ms="30227" status="PASS">
          <reporter-output>
          </reporter-output>
        </test-method> <!-- m1 -->
      </class> <!-- Amazon_DropDown_CheckBox -->
    </test> <!-- Default test -->
  </suite> <!-- Default suite -->
</testng-results>
